Flow report for bus
Mon Mar 06 17:14:05 2023
Quartus II 64-Bit Version 13.1.0 Build 162 10/23/2013 SJ Web Edition


---------------------
; Table of Contents ;
---------------------
  1. Legal Notice
  2. Flow Summary
  3. Flow Settings
  4. Flow Non-Default Global Settings
  5. Flow Elapsed Time
  6. Flow OS Summary
  7. Flow Log
  8. Flow Messages
  9. Flow Suppressed Messages



----------------
; Legal Notice ;
----------------
Copyright (C) 1991-2013 Altera Corporation
Your use of Altera Corporation's design tools, logic functions 
and other software and tools, and its AMPP partner logic 
functions, and any output files from any of the foregoing 
(including device programming or simulation files), and any 
associated documentation or information are expressly subject 
to the terms and conditions of the Altera Program License 
Subscription Agreement, Altera MegaCore Function License 
Agreement, or other applicable license agreement, including, 
without limitation, that your use is for the sole purpose of 
programming logic devices manufactured by Altera and sold by 
Altera or its authorized distributors.  Please refer to the 
applicable agreement for further details.



+---------------------------------------------------------------------------------+
; Flow Summary                                                                    ;
+------------------------------------+--------------------------------------------+
; Flow Status                        ; Successful - Mon Mar 06 17:14:05 2023      ;
; Quartus II 64-Bit Version          ; 13.1.0 Build 162 10/23/2013 SJ Web Edition ;
; Revision Name                      ; bus                                        ;
; Top-level Entity Name              ; bus                                        ;
; Family                             ; Cyclone III                                ;
; Device                             ; EP3C16F484C6                               ;
; Timing Models                      ; Final                                      ;
; Total logic elements               ; 0 / 15,408 ( 0 % )                         ;
;     Total combinational functions  ; 0 / 15,408 ( 0 % )                         ;
;     Dedicated logic registers      ; 0 / 15,408 ( 0 % )                         ;
; Total registers                    ; 0                                          ;
; Total pins                         ; 66 / 347 ( 19 % )                          ;
; Total virtual pins                 ; 0                                          ;
; Total memory bits                  ; 0 / 516,096 ( 0 % )                        ;
; Embedded Multiplier 9-bit elements ; 0 / 112 ( 0 % )                            ;
; Total PLLs                         ; 0 / 4 ( 0 % )                              ;
+------------------------------------+--------------------------------------------+


+-----------------------------------------+
; Flow Settings                           ;
+-------------------+---------------------+
; Option            ; Setting             ;
+-------------------+---------------------+
; Start date & time ; 03/06/2023 17:13:52 ;
; Main task         ; Compilation         ;
; Revision Name     ; bus                 ;
+-------------------+---------------------+


+-----------------------------------------------------------------------------------------------------------------------------+
; Flow Non-Default Global Settings                                                                                            ;
+--------------------------------------+---------------------------------------+---------------+-------------+----------------+
; Assignment Name                      ; Value                                 ; Default Value ; Entity Name ; Section Id     ;
+--------------------------------------+---------------------------------------+---------------+-------------+----------------+
; COMPILER_SIGNATURE_ID                ; 38917505025.167814083218092           ; --            ; --          ; --             ;
; EDA_DESIGN_INSTANCE_NAME             ; NA                                    ; --            ; --          ; and_bus_tb     ;
; EDA_DESIGN_INSTANCE_NAME             ; NA                                    ; --            ; --          ; bus_tb         ;
; EDA_DESIGN_INSTANCE_NAME             ; NA                                    ; --            ; --          ; Or_bus_tb      ;
; EDA_DESIGN_INSTANCE_NAME             ; NA                                    ; --            ; --          ; add_bus_tb     ;
; EDA_DESIGN_INSTANCE_NAME             ; NA                                    ; --            ; --          ; sub_bus_tb     ;
; EDA_DESIGN_INSTANCE_NAME             ; NA                                    ; --            ; --          ; mul_bus_tb     ;
; EDA_DESIGN_INSTANCE_NAME             ; NA                                    ; --            ; --          ; div_bus_tb     ;
; EDA_DESIGN_INSTANCE_NAME             ; NA                                    ; --            ; --          ; shr_bus_tb     ;
; EDA_DESIGN_INSTANCE_NAME             ; NA                                    ; --            ; --          ; shra_bus_tb    ;
; EDA_DESIGN_INSTANCE_NAME             ; NA                                    ; --            ; --          ; shl_bus_tb     ;
; EDA_DESIGN_INSTANCE_NAME             ; NA                                    ; --            ; --          ; ror_bus_tb     ;
; EDA_DESIGN_INSTANCE_NAME             ; NA                                    ; --            ; --          ; rol_bus_tb     ;
; EDA_DESIGN_INSTANCE_NAME             ; NA                                    ; --            ; --          ; neg_bus_tb     ;
; EDA_DESIGN_INSTANCE_NAME             ; NA                                    ; --            ; --          ; not_bus_tb     ;
; EDA_NATIVELINK_SIMULATION_TEST_BENCH ; shl_bus_tb                            ; --            ; --          ; eda_simulation ;
; EDA_OUTPUT_DATA_FORMAT               ; Verilog Hdl                           ; --            ; --          ; eda_simulation ;
; EDA_SIMULATION_TOOL                  ; ModelSim-Altera (Verilog)             ; <None>        ; --          ; --             ;
; EDA_TEST_BENCH_ENABLE_STATUS         ; TEST_BENCH_MODE                       ; --            ; --          ; eda_simulation ;
; EDA_TEST_BENCH_FILE                  ; and_bus_tb.v                          ; --            ; --          ; and_bus_tb     ;
; EDA_TEST_BENCH_FILE                  ; bus_tb.v                              ; --            ; --          ; bus_tb         ;
; EDA_TEST_BENCH_FILE                  ; Or_bus_tb.v                           ; --            ; --          ; Or_bus_tb      ;
; EDA_TEST_BENCH_FILE                  ; add_bus_tb.v                          ; --            ; --          ; add_bus_tb     ;
; EDA_TEST_BENCH_FILE                  ; sub_bus_tb.v                          ; --            ; --          ; sub_bus_tb     ;
; EDA_TEST_BENCH_FILE                  ; mul_bus_tb.v                          ; --            ; --          ; mul_bus_tb     ;
; EDA_TEST_BENCH_FILE                  ; div_bus_tb.v                          ; --            ; --          ; div_bus_tb     ;
; EDA_TEST_BENCH_FILE                  ; shr_bus_tb.v                          ; --            ; --          ; shr_bus_tb     ;
; EDA_TEST_BENCH_FILE                  ; shra_bus_tb.v                         ; --            ; --          ; shra_bus_tb    ;
; EDA_TEST_BENCH_FILE                  ; shl_bus_tb.v                          ; --            ; --          ; shl_bus_tb     ;
; EDA_TEST_BENCH_FILE                  ; ror_bus_tb.v                          ; --            ; --          ; ror_bus_tb     ;
; EDA_TEST_BENCH_FILE                  ; rol_bus_tb.v                          ; --            ; --          ; rol_bus_tb     ;
; EDA_TEST_BENCH_FILE                  ; neg_bus_tb.v                          ; --            ; --          ; neg_bus_tb     ;
; EDA_TEST_BENCH_FILE                  ; not_bus_tb.v                          ; --            ; --          ; not_bus_tb     ;
; EDA_TEST_BENCH_MODULE_NAME           ; and_bus_tb                            ; --            ; --          ; and_bus_tb     ;
; EDA_TEST_BENCH_MODULE_NAME           ; bus_tb                                ; --            ; --          ; bus_tb         ;
; EDA_TEST_BENCH_MODULE_NAME           ; Or_bus_tb                             ; --            ; --          ; Or_bus_tb      ;
; EDA_TEST_BENCH_MODULE_NAME           ; add_bus_tb                            ; --            ; --          ; add_bus_tb     ;
; EDA_TEST_BENCH_MODULE_NAME           ; sub_bus_tb                            ; --            ; --          ; sub_bus_tb     ;
; EDA_TEST_BENCH_MODULE_NAME           ; mul_bus_tb                            ; --            ; --          ; mul_bus_tb     ;
; EDA_TEST_BENCH_MODULE_NAME           ; div_bus_tb                            ; --            ; --          ; div_bus_tb     ;
; EDA_TEST_BENCH_MODULE_NAME           ; shr_bus_tb                            ; --            ; --          ; shr_bus_tb     ;
; EDA_TEST_BENCH_MODULE_NAME           ; shra_bus_tb                           ; --            ; --          ; shra_bus_tb    ;
; EDA_TEST_BENCH_MODULE_NAME           ; shl_bus_tb                            ; --            ; --          ; shl_bus_tb     ;
; EDA_TEST_BENCH_MODULE_NAME           ; ror_bus_tb                            ; --            ; --          ; ror_bus_tb     ;
; EDA_TEST_BENCH_MODULE_NAME           ; rol_bus_tb                            ; --            ; --          ; rol_bus_tb     ;
; EDA_TEST_BENCH_MODULE_NAME           ; neg_bus_tb                            ; --            ; --          ; neg_bus_tb     ;
; EDA_TEST_BENCH_MODULE_NAME           ; not_bus_tb                            ; --            ; --          ; not_bus_tb     ;
; EDA_TEST_BENCH_NAME                  ; and_bus_tb                            ; --            ; --          ; eda_simulation ;
; EDA_TEST_BENCH_NAME                  ; bus_tb                                ; --            ; --          ; eda_simulation ;
; EDA_TEST_BENCH_NAME                  ; Or_bus_tb                             ; --            ; --          ; eda_simulation ;
; EDA_TEST_BENCH_NAME                  ; add_bus_tb                            ; --            ; --          ; eda_simulation ;
; EDA_TEST_BENCH_NAME                  ; sub_bus_tb                            ; --            ; --          ; eda_simulation ;
; EDA_TEST_BENCH_NAME                  ; mul_bus_tb                            ; --            ; --          ; eda_simulation ;
; EDA_TEST_BENCH_NAME                  ; div_bus_tb                            ; --            ; --          ; eda_simulation ;
; EDA_TEST_BENCH_NAME                  ; shr_bus_tb                            ; --            ; --          ; eda_simulation ;
; EDA_TEST_BENCH_NAME                  ; shra_bus_tb                           ; --            ; --          ; eda_simulation ;
; EDA_TEST_BENCH_NAME                  ; shl_bus_tb                            ; --            ; --          ; eda_simulation ;
; EDA_TEST_BENCH_NAME                  ; ror_bus_tb                            ; --            ; --          ; eda_simulation ;
; EDA_TEST_BENCH_NAME                  ; rol_bus_tb                            ; --            ; --          ; eda_simulation ;
; EDA_TEST_BENCH_NAME                  ; neg_bus_tb                            ; --            ; --          ; eda_simulation ;
; EDA_TEST_BENCH_NAME                  ; not_bus_tb                            ; --            ; --          ; eda_simulation ;
; EDA_TEST_BENCH_RUN_SIM_FOR           ; 500 ns                                ; --            ; --          ; and_bus_tb     ;
; EDA_TEST_BENCH_RUN_SIM_FOR           ; 500 ns                                ; --            ; --          ; bus_tb         ;
; EDA_TEST_BENCH_RUN_SIM_FOR           ; 500 ns                                ; --            ; --          ; Or_bus_tb      ;
; EDA_TEST_BENCH_RUN_SIM_FOR           ; 500 ns                                ; --            ; --          ; add_bus_tb     ;
; EDA_TEST_BENCH_RUN_SIM_FOR           ; 500 ns                                ; --            ; --          ; sub_bus_tb     ;
; EDA_TEST_BENCH_RUN_SIM_FOR           ; 500 ns                                ; --            ; --          ; mul_bus_tb     ;
; EDA_TEST_BENCH_RUN_SIM_FOR           ; 500 ns                                ; --            ; --          ; div_bus_tb     ;
; EDA_TEST_BENCH_RUN_SIM_FOR           ; 500 ns                                ; --            ; --          ; shr_bus_tb     ;
; EDA_TEST_BENCH_RUN_SIM_FOR           ; 500 ns                                ; --            ; --          ; shra_bus_tb    ;
; EDA_TEST_BENCH_RUN_SIM_FOR           ; 500 ns                                ; --            ; --          ; shl_bus_tb     ;
; EDA_TEST_BENCH_RUN_SIM_FOR           ; 500 ns                                ; --            ; --          ; ror_bus_tb     ;
; EDA_TEST_BENCH_RUN_SIM_FOR           ; 500 ns                                ; --            ; --          ; rol_bus_tb     ;
; EDA_TEST_BENCH_RUN_SIM_FOR           ; 500 ns                                ; --            ; --          ; neg_bus_tb     ;
; EDA_TEST_BENCH_RUN_SIM_FOR           ; 500 ns                                ; --            ; --          ; not_bus_tb     ;
; EDA_TIME_SCALE                       ; 1 ps                                  ; --            ; --          ; eda_simulation ;
; MAX_CORE_JUNCTION_TEMP               ; 85                                    ; --            ; --          ; --             ;
; MIN_CORE_JUNCTION_TEMP               ; 0                                     ; --            ; --          ; --             ;
; NOMINAL_CORE_SUPPLY_VOLTAGE          ; 1.2V                                  ; --            ; --          ; --             ;
; PARTITION_COLOR                      ; 16764057                              ; --            ; --          ; Top            ;
; PARTITION_FITTER_PRESERVATION_LEVEL  ; PLACEMENT_AND_ROUTING                 ; --            ; --          ; Top            ;
; PARTITION_NETLIST_TYPE               ; SOURCE                                ; --            ; --          ; Top            ;
; POWER_BOARD_THERMAL_MODEL            ; None (CONSERVATIVE)                   ; --            ; --          ; --             ;
; POWER_PRESET_COOLING_SOLUTION        ; 23 MM HEAT SINK WITH 200 LFPM AIRFLOW ; --            ; --          ; --             ;
; PROJECT_OUTPUT_DIRECTORY             ; output_files                          ; --            ; --          ; --             ;
+--------------------------------------+---------------------------------------+---------------+-------------+----------------+


+-------------------------------------------------------------------------------------------------------------------------------+
; Flow Elapsed Time                                                                                                             ;
+---------------------------+--------------+-------------------------+---------------------+------------------------------------+
; Module Name               ; Elapsed Time ; Average Processors Used ; Peak Virtual Memory ; Total CPU Time (on all processors) ;
+---------------------------+--------------+-------------------------+---------------------+------------------------------------+
; Analysis & Synthesis      ; 00:00:01     ; 1.0                     ; 4625 MB             ; 00:00:01                           ;
; Fitter                    ; 00:00:04     ; 1.0                     ; 4902 MB             ; 00:00:03                           ;
; Assembler                 ; 00:00:01     ; 1.0                     ; 4571 MB             ; 00:00:01                           ;
; TimeQuest Timing Analyzer ; 00:00:01     ; 1.0                     ; 4609 MB             ; 00:00:01                           ;
; EDA Netlist Writer        ; 00:00:00     ; 1.0                     ; 4529 MB             ; 00:00:00                           ;
; Total                     ; 00:00:07     ; --                      ; --                  ; 00:00:06                           ;
+---------------------------+--------------+-------------------------+---------------------+------------------------------------+


+----------------------------------------------------------------------------------------+
; Flow OS Summary                                                                        ;
+---------------------------+------------------+-----------+------------+----------------+
; Module Name               ; Machine Hostname ; OS Name   ; OS Version ; Processor type ;
+---------------------------+------------------+-----------+------------+----------------+
; Analysis & Synthesis      ; MSI              ; Windows 7 ; 6.2        ; x86_64         ;
; Fitter                    ; MSI              ; Windows 7 ; 6.2        ; x86_64         ;
; Assembler                 ; MSI              ; Windows 7 ; 6.2        ; x86_64         ;
; TimeQuest Timing Analyzer ; MSI              ; Windows 7 ; 6.2        ; x86_64         ;
; EDA Netlist Writer        ; MSI              ; Windows 7 ; 6.2        ; x86_64         ;
+---------------------------+------------------+-----------+------------+----------------+


------------
; Flow Log ;
------------
quartus_map --read_settings_files=on --write_settings_files=off bus -c bus
quartus_fit --read_settings_files=off --write_settings_files=off bus -c bus
quartus_asm --read_settings_files=off --write_settings_files=off bus -c bus
quartus_sta bus -c bus
quartus_eda --read_settings_files=off --write_settings_files=off bus -c bus



