Flow report for CON_FF
Wed Mar 08 16:53:41 2023
Quartus II 64-Bit Version 13.1.0 Build 162 10/23/2013 SJ Web Edition


---------------------
; Table of Contents ;
---------------------
  1. Legal Notice
  2. Flow Summary
  3. Flow Settings
  4. Flow Non-Default Global Settings
  5. Flow Elapsed Time
  6. Flow OS Summary
  7. Flow Log
  8. Flow Messages
  9. Flow Suppressed Messages



----------------
; Legal Notice ;
----------------
Copyright (C) 1991-2013 Altera Corporation
Your use of Altera Corporation's design tools, logic functions 
and other software and tools, and its AMPP partner logic 
functions, and any output files from any of the foregoing 
(including device programming or simulation files), and any 
associated documentation or information are expressly subject 
to the terms and conditions of the Altera Program License 
Subscription Agreement, Altera MegaCore Function License 
Agreement, or other applicable license agreement, including, 
without limitation, that your use is for the sole purpose of 
programming logic devices manufactured by Altera and sold by 
Altera or its authorized distributors.  Please refer to the 
applicable agreement for further details.



+---------------------------------------------------------------------------------+
; Flow Summary                                                                    ;
+------------------------------------+--------------------------------------------+
; Flow Status                        ; Successful - Wed Mar 08 16:53:41 2023      ;
; Quartus II 64-Bit Version          ; 13.1.0 Build 162 10/23/2013 SJ Web Edition ;
; Revision Name                      ; CON_FF                                     ;
; Top-level Entity Name              ; CON_FF                                     ;
; Family                             ; Cyclone III                                ;
; Device                             ; EP3C16F484C6                               ;
; Timing Models                      ; Final                                      ;
; Total logic elements               ; 11 / 15,408 ( < 1 % )                      ;
;     Total combinational functions  ; 11 / 15,408 ( < 1 % )                      ;
;     Dedicated logic registers      ; 0 / 15,408 ( 0 % )                         ;
; Total registers                    ; 0                                          ;
; Total pins                         ; 36 / 347 ( 10 % )                          ;
; Total virtual pins                 ; 0                                          ;
; Total memory bits                  ; 0 / 516,096 ( 0 % )                        ;
; Embedded Multiplier 9-bit elements ; 0 / 112 ( 0 % )                            ;
; Total PLLs                         ; 0 / 4 ( 0 % )                              ;
+------------------------------------+--------------------------------------------+


+-----------------------------------------+
; Flow Settings                           ;
+-------------------+---------------------+
; Option            ; Setting             ;
+-------------------+---------------------+
; Start date & time ; 03/08/2023 16:53:27 ;
; Main task         ; Compilation         ;
; Revision Name     ; CON_FF              ;
+-------------------+---------------------+


+-----------------------------------------------------------------------------------------------------------------------------+
; Flow Non-Default Global Settings                                                                                            ;
+--------------------------------------+---------------------------------------+---------------+-------------+----------------+
; Assignment Name                      ; Value                                 ; Default Value ; Entity Name ; Section Id     ;
+--------------------------------------+---------------------------------------+---------------+-------------+----------------+
; COMPILER_SIGNATURE_ID                ; 38917505025.167831240714316           ; --            ; --          ; --             ;
; EDA_DESIGN_INSTANCE_NAME             ; NA                                    ; --            ; --          ; CON_FF_tb      ;
; EDA_NATIVELINK_SIMULATION_TEST_BENCH ; CON_FF_tb                             ; --            ; --          ; eda_simulation ;
; EDA_OUTPUT_DATA_FORMAT               ; Verilog Hdl                           ; --            ; --          ; eda_simulation ;
; EDA_SIMULATION_TOOL                  ; ModelSim-Altera (Verilog)             ; <None>        ; --          ; --             ;
; EDA_TEST_BENCH_ENABLE_STATUS         ; TEST_BENCH_MODE                       ; --            ; --          ; eda_simulation ;
; EDA_TEST_BENCH_FILE                  ; CON_FF_tb.v                           ; --            ; --          ; CON_FF_tb      ;
; EDA_TEST_BENCH_MODULE_NAME           ; CON_FF_tb                             ; --            ; --          ; CON_FF_tb      ;
; EDA_TEST_BENCH_NAME                  ; CON_FF_tb                             ; --            ; --          ; eda_simulation ;
; EDA_TEST_BENCH_RUN_SIM_FOR           ; 500 ns                                ; --            ; --          ; CON_FF_tb      ;
; EDA_TIME_SCALE                       ; 1 ps                                  ; --            ; --          ; eda_simulation ;
; MAX_CORE_JUNCTION_TEMP               ; 85                                    ; --            ; --          ; --             ;
; MIN_CORE_JUNCTION_TEMP               ; 0                                     ; --            ; --          ; --             ;
; NOMINAL_CORE_SUPPLY_VOLTAGE          ; 1.2V                                  ; --            ; --          ; --             ;
; PARTITION_COLOR                      ; 16764057                              ; --            ; --          ; Top            ;
; PARTITION_FITTER_PRESERVATION_LEVEL  ; PLACEMENT_AND_ROUTING                 ; --            ; --          ; Top            ;
; PARTITION_NETLIST_TYPE               ; SOURCE                                ; --            ; --          ; Top            ;
; POWER_BOARD_THERMAL_MODEL            ; None (CONSERVATIVE)                   ; --            ; --          ; --             ;
; POWER_PRESET_COOLING_SOLUTION        ; 23 MM HEAT SINK WITH 200 LFPM AIRFLOW ; --            ; --          ; --             ;
; PROJECT_OUTPUT_DIRECTORY             ; output_files                          ; --            ; --          ; --             ;
+--------------------------------------+---------------------------------------+---------------+-------------+----------------+


+-------------------------------------------------------------------------------------------------------------------------------+
; Flow Elapsed Time                                                                                                             ;
+---------------------------+--------------+-------------------------+---------------------+------------------------------------+
; Module Name               ; Elapsed Time ; Average Processors Used ; Peak Virtual Memory ; Total CPU Time (on all processors) ;
+---------------------------+--------------+-------------------------+---------------------+------------------------------------+
; Analysis & Synthesis      ; 00:00:01     ; 1.0                     ; 4609 MB             ; 00:00:01                           ;
; Fitter                    ; 00:00:04     ; 1.0                     ; 4932 MB             ; 00:00:03                           ;
; Assembler                 ; 00:00:01     ; 1.0                     ; 4577 MB             ; 00:00:01                           ;
; TimeQuest Timing Analyzer ; 00:00:02     ; 1.0                     ; 4607 MB             ; 00:00:01                           ;
; EDA Netlist Writer        ; 00:00:01     ; 1.0                     ; 4529 MB             ; 00:00:00                           ;
; Total                     ; 00:00:09     ; --                      ; --                  ; 00:00:06                           ;
+---------------------------+--------------+-------------------------+---------------------+------------------------------------+


+----------------------------------------------------------------------------------------+
; Flow OS Summary                                                                        ;
+---------------------------+------------------+-----------+------------+----------------+
; Module Name               ; Machine Hostname ; OS Name   ; OS Version ; Processor type ;
+---------------------------+------------------+-----------+------------+----------------+
; Analysis & Synthesis      ; MSI              ; Windows 7 ; 6.2        ; x86_64         ;
; Fitter                    ; MSI              ; Windows 7 ; 6.2        ; x86_64         ;
; Assembler                 ; MSI              ; Windows 7 ; 6.2        ; x86_64         ;
; TimeQuest Timing Analyzer ; MSI              ; Windows 7 ; 6.2        ; x86_64         ;
; EDA Netlist Writer        ; MSI              ; Windows 7 ; 6.2        ; x86_64         ;
+---------------------------+------------------+-----------+------------+----------------+


------------
; Flow Log ;
------------
quartus_map --read_settings_files=on --write_settings_files=off CON_FF -c CON_FF
quartus_fit --read_settings_files=off --write_settings_files=off CON_FF -c CON_FF
quartus_asm --read_settings_files=off --write_settings_files=off CON_FF -c CON_FF
quartus_sta CON_FF -c CON_FF
quartus_eda --read_settings_files=off --write_settings_files=off CON_FF -c CON_FF



